Tue May 28 18:04:43 CDT 2019 src/CobolLexer.g4
Tue May 28 18:10:35 CDT 2019 src/CobolLexer.g4
Tue May 28 18:10:37 CDT 2019 src/CobolParser.g4
Tue May 28 18:10:48 CDT 2019 src/CobolPreprocessor.g4
Tue May 28 18:10:52 CDT 2019 src/CallEtAlListener.java
Tue May 28 18:13:56 CDT 2019 src/CallWrapper.java
Tue May 28 18:14:36 CDT 2019 src/CallType.java
Tue May 28 18:14:37 CDT 2019 src/CallWrapper.java
Tue May 28 18:15:14 CDT 2019 src/DDNode.java
Tue May 28 18:16:01 CDT 2019 src/TestIntegration.java
Tue May 28 18:19:47 CDT 2019 src/CopyStatementContextWrapper.java
Tue May 28 18:28:11 CDT 2019 mine
Tue May 28 18:28:41 CDT 2019 src/DDNode.java
Tue May 28 18:28:42 CDT 2019 src/CallWrapper.java
Tue May 28 18:28:43 CDT 2019 src/CallEtAlListener.java
Tue May 28 18:31:46 CDT 2019 src/TestIntegration.java
Tue May 28 22:02:20 CDT 2019 jar
Tue May 28 22:14:51 CDT 2019 src/CallWrapper.java
Tue May 28 22:14:52 CDT 2019 src/CallEtAlListener.java
Tue May 28 22:14:53 CDT 2019 src/TestIntegration.java
Tue May 28 22:15:16 CDT 2019 jar
Thu May 30 11:51:23 CDT 2019 src/DataLocation.java
Thu May 30 11:51:24 CDT 2019 src/DDNode.java
Thu May 30 11:51:25 CDT 2019 src/CallWrapper.java
Thu May 30 11:51:26 CDT 2019 src/CallEtAlListener.java
Thu May 30 11:51:27 CDT 2019 src/DataDescriptionEntryListener.java
Thu May 30 11:51:28 CDT 2019 src/TestIntegration.java
Thu May 30 11:52:37 CDT 2019 jar
Thu May 30 11:56:32 CDT 2019 src/DDNode.java
Thu May 30 11:56:33 CDT 2019 src/CallWrapper.java
Thu May 30 11:56:34 CDT 2019 src/CallEtAlListener.java
Thu May 30 11:56:34 CDT 2019 src/TestIntegration.java
Thu May 30 12:09:57 CDT 2019 src/DDNode.java
Thu May 30 12:09:58 CDT 2019 src/CallWrapper.java
Thu May 30 12:09:59 CDT 2019 src/CallEtAlListener.java
Thu May 30 12:10:00 CDT 2019 src/TestIntegration.java
Thu May 30 12:11:11 CDT 2019 jar
Thu May 30 12:26:29 CDT 2019 src/TestIntegration.java
Thu May 30 12:27:16 CDT 2019 src/TestIntegration.java
Thu May 30 12:30:57 CDT 2019 src/TestIntegration.java
Thu May 30 12:31:51 CDT 2019 src/TestIntegration.java
Thu May 30 12:31:56 CDT 2019 jar
Thu May 30 12:35:52 CDT 2019 src/TestIntegration.java
Thu May 30 12:35:57 CDT 2019 jar
