--2025-11-02--------------------------------------------------------------------
SPI changes per documentation dated 2025-10-31.

Added INQUIRE OTEL.
Added OTELEMIT and OTELPROP to INQUIRE TRANSACTION.
Added SET OTEL.
Added OTELEMIT and OTELPROP to SET TRANSACTION.

--2025-02-11--------------------------------------------------------------------
SPI changes per documentation dated 2025-02-07.

Added GRPLIST to INQUIRE SYSTEM.
Added TNHOST to INQUIRE TERMINAL.
Added PURGEACTION to INQUIRE TRANCLASS.
Added PURGEACTION, ABEND, and DISCARD to SET TRANCLASS.

--2024-10-22--------------------------------------------------------------------
Added PREPEND option to PUT CONTAINER (CHANNEL) and PUT64 CONTAINER.

Changed Makefile to better work with how GNU make is supposed to work.  Added
dependencies to the parser and lexer instead of manual triggering of rules.

--2024-10-16--------------------------------------------------------------------
Removed ./lib directory and its contents.  They were redundant.  Updated 
Makefile and src/tester accordingly.

--2024-10-15--------------------------------------------------------------------
ANTLR 4.13.2, Makefile and src/tester changes.

--2024-08-02--------------------------------------------------------------------
Added...

CHANGETIME( data-area )
DAYSLEFT( data-area )
EXPIRYTIME( data-area )
INVALIDCOUNT( data-area )
LASTUSETIME( data-area )

...parameters to...

CHANGE PHRASE
CHANGE PASSWORD
SIGNON

...APIs in apiSource.

Added...

INQUIRE SECDISCOVERY
PERFORM SECDISCOVERY
SET SECDISCOVERY

...SPIs to spiSource.

--2024-05-28--------------------------------------------------------------------
Remove whitespace after SOAPFAULT in apiSource file.  It was causing an
anomaly in token generation.

--2024-04-17--------------------------------------------------------------------
Rebuild after local drive failure.

Added "init" target to Makefile.

--2024-04-09--------------------------------------------------------------------
Grammars appear to generate correctly from apiSource and spiSource files,
testing seems to indicate accuracy.

